<?xml version="1.0" encoding="UTF-8"?>
<!-- Generated by org.testng.reporters.JUnitReportReporter -->
<testsuite skipped="0" hostname="DESKTOP-G4AGLUP" name="Message.sendtest.gmail" tests="1" failures="0" timestamp="2021-02-18T22:22:22 BDT" time="31.047" errors="0">
  <testcase name="loginValidation" time="31.047" classname="Message.sendtest.gmail"/>
  <system-out/>
</testsuite> <!-- Message.sendtest.gmail -->
